{"E:\\koa\\ServiceDemo\\myProcess\\app.js":{"path":"E:\\koa\\ServiceDemo\\myProcess\\app.js","s":{"1":1,"2":1,"3":1,"4":1,"5":1,"6":1,"7":1,"8":1,"9":1,"10":1,"11":1,"12":1,"13":1,"14":1,"15":1,"16":1,"17":1,"18":1,"19":1,"20":6,"21":6,"22":6,"23":6,"24":1,"25":1,"26":1,"27":2,"28":2,"29":3,"30":0,"31":3,"32":3,"33":1,"34":1,"35":1,"36":1,"37":8,"38":8,"39":0,"40":0,"41":0,"42":1,"43":1,"44":0,"45":1,"46":1},"b":{"1":[0,3],"2":[8,0],"3":[8,6],"4":[0,1]},"f":{"1":6,"2":2,"3":3,"4":8},"fnMap":{"1":{"name":"(anonymous_1)","line":21,"loc":{"start":{"line":21,"column":22},"end":{"line":21,"column":32}}},"2":{"name":"(anonymous_2)","line":30,"loc":{"start":{"line":30,"column":33},"end":{"line":30,"column":54}}},"3":{"name":"(anonymous_3)","line":33,"loc":{"start":{"line":33,"column":42},"end":{"line":33,"column":60}}},"4":{"name":"(anonymous_4)","line":46,"loc":{"start":{"line":46,"column":8},"end":{"line":46,"column":24}}}},"statementMap":{"1":{"start":{"line":1,"column":0},"end":{"line":1,"column":34}},"2":{"start":{"line":2,"column":0},"end":{"line":2,"column":48}},"3":{"start":{"line":3,"column":0},"end":{"line":3,"column":27}},"4":{"start":{"line":4,"column":0},"end":{"line":4,"column":35}},"5":{"start":{"line":5,"column":0},"end":{"line":5,"column":33}},"6":{"start":{"line":6,"column":0},"end":{"line":6,"column":25}},"7":{"start":{"line":7,"column":0},"end":{"line":7,"column":29}},"8":{"start":{"line":8,"column":0},"end":{"line":8,"column":36}},"9":{"start":{"line":9,"column":0},"end":{"line":9,"column":35}},"10":{"start":{"line":10,"column":0},"end":{"line":10,"column":46}},"11":{"start":{"line":11,"column":0},"end":{"line":11,"column":72}},"12":{"start":{"line":12,"column":0},"end":{"line":12,"column":46}},"13":{"start":{"line":14,"column":0},"end":{"line":14,"column":41}},"14":{"start":{"line":15,"column":0},"end":{"line":15,"column":46}},"15":{"start":{"line":16,"column":0},"end":{"line":16,"column":33}},"16":{"start":{"line":17,"column":0},"end":{"line":17,"column":56}},"17":{"start":{"line":18,"column":0},"end":{"line":18,"column":40}},"18":{"start":{"line":19,"column":0},"end":{"line":19,"column":36}},"19":{"start":{"line":21,"column":0},"end":{"line":26,"column":2}},"20":{"start":{"line":22,"column":4},"end":{"line":22,"column":23}},"21":{"start":{"line":23,"column":4},"end":{"line":23,"column":62}},"22":{"start":{"line":24,"column":4},"end":{"line":24,"column":25}},"23":{"start":{"line":25,"column":4},"end":{"line":25,"column":14}},"24":{"start":{"line":28,"column":0},"end":{"line":28,"column":21}},"25":{"start":{"line":29,"column":0},"end":{"line":29,"column":53}},"26":{"start":{"line":30,"column":0},"end":{"line":38,"column":3}},"27":{"start":{"line":32,"column":4},"end":{"line":32,"column":56}},"28":{"start":{"line":33,"column":4},"end":{"line":37,"column":7}},"29":{"start":{"line":34,"column":8},"end":{"line":34,"column":51}},"30":{"start":{"line":34,"column":44},"end":{"line":34,"column":51}},"31":{"start":{"line":35,"column":8},"end":{"line":35,"column":75}},"32":{"start":{"line":36,"column":8},"end":{"line":36,"column":87}},"33":{"start":{"line":41,"column":0},"end":{"line":41,"column":17}},"34":{"start":{"line":42,"column":0},"end":{"line":42,"column":18}},"35":{"start":{"line":43,"column":0},"end":{"line":43,"column":16}},"36":{"start":{"line":46,"column":0},"end":{"line":63,"column":3}},"37":{"start":{"line":50,"column":4},"end":{"line":50,"column":83}},"38":{"start":{"line":50,"column":65},"end":{"line":50,"column":83}},"39":{"start":{"line":53,"column":4},"end":{"line":53,"column":53}},"40":{"start":{"line":60,"column":4},"end":{"line":60,"column":29}},"41":{"start":{"line":62,"column":4},"end":{"line":62,"column":15}},"42":{"start":{"line":66,"column":0},"end":{"line":66,"column":14}},"43":{"start":{"line":68,"column":0},"end":{"line":68,"column":37}},"44":{"start":{"line":68,"column":20},"end":{"line":68,"column":37}},"45":{"start":{"line":69,"column":0},"end":{"line":69,"column":36}},"46":{"start":{"line":70,"column":0},"end":{"line":70,"column":21}}},"branchMap":{"1":{"line":34,"type":"if","locations":[{"start":{"line":34,"column":8},"end":{"line":34,"column":8}},{"start":{"line":34,"column":8},"end":{"line":34,"column":8}}]},"2":{"line":50,"type":"if","locations":[{"start":{"line":50,"column":4},"end":{"line":50,"column":4}},{"start":{"line":50,"column":4},"end":{"line":50,"column":4}}]},"3":{"line":50,"type":"binary-expr","locations":[{"start":{"line":50,"column":8},"end":{"line":50,"column":29}},{"start":{"line":50,"column":33},"end":{"line":50,"column":63}}]},"4":{"line":68,"type":"if","locations":[{"start":{"line":68,"column":0},"end":{"line":68,"column":0}},{"start":{"line":68,"column":0},"end":{"line":68,"column":0}}]}}},"E:\\koa\\ServiceDemo\\myProcess\\middlewares\\error.js":{"path":"E:\\koa\\ServiceDemo\\myProcess\\middlewares\\error.js","s":{"1":1,"2":1,"3":1,"4":1,"5":1,"6":8,"7":8,"8":0,"9":0,"10":0,"11":0,"12":0,"13":0,"14":0,"15":0,"16":0,"17":0,"18":0,"19":0,"20":0,"21":0,"22":0,"23":0,"24":0,"25":0,"26":0,"27":0,"28":0},"b":{"1":[1,1],"2":[0,0],"3":[0,0],"4":[0,0,0],"5":[0,0],"6":[0,0],"7":[0,0],"8":[0,0]},"f":{"1":1,"2":8},"fnMap":{"1":{"name":"error","line":6,"loc":{"start":{"line":6,"column":0},"end":{"line":6,"column":20}}},"2":{"name":"error","line":9,"loc":{"start":{"line":9,"column":11},"end":{"line":9,"column":32}}}},"statementMap":{"1":{"start":{"line":1,"column":0},"end":{"line":1,"column":26}},"2":{"start":{"line":3,"column":0},"end":{"line":3,"column":23}},"3":{"start":{"line":6,"column":0},"end":{"line":46,"column":1}},"4":{"start":{"line":7,"column":4},"end":{"line":7,"column":54}},"5":{"start":{"line":9,"column":4},"end":{"line":45,"column":6}},"6":{"start":{"line":10,"column":8},"end":{"line":44,"column":9}},"7":{"start":{"line":11,"column":12},"end":{"line":11,"column":23}},"8":{"start":{"line":13,"column":12},"end":{"line":13,"column":44}},"9":{"start":{"line":14,"column":12},"end":{"line":14,"column":64}},"10":{"start":{"line":15,"column":12},"end":{"line":15,"column":35}},"11":{"start":{"line":17,"column":12},"end":{"line":43,"column":13}},"12":{"start":{"line":19,"column":20},"end":{"line":19,"column":51}},"13":{"start":{"line":20,"column":20},"end":{"line":33,"column":21}},"14":{"start":{"line":21,"column":24},"end":{"line":21,"column":41}},"15":{"start":{"line":22,"column":24},"end":{"line":22,"column":66}},"16":{"start":{"line":23,"column":24},"end":{"line":23,"column":82}},"17":{"start":{"line":25,"column":24},"end":{"line":29,"column":25}},"18":{"start":{"line":26,"column":28},"end":{"line":28,"column":30}},"19":{"start":{"line":27,"column":32},"end":{"line":27,"column":54}},"20":{"start":{"line":30,"column":24},"end":{"line":30,"column":41}},"21":{"start":{"line":32,"column":24},"end":{"line":32,"column":59}},"22":{"start":{"line":34,"column":20},"end":{"line":34,"column":26}},"23":{"start":{"line":36,"column":20},"end":{"line":36,"column":44}},"24":{"start":{"line":37,"column":20},"end":{"line":37,"column":44}},"25":{"start":{"line":38,"column":20},"end":{"line":38,"column":26}},"26":{"start":{"line":40,"column":20},"end":{"line":40,"column":45}},"27":{"start":{"line":41,"column":20},"end":{"line":41,"column":44}},"28":{"start":{"line":42,"column":20},"end":{"line":42,"column":26}}},"branchMap":{"1":{"line":7,"type":"binary-expr","locations":[{"start":{"line":7,"column":16},"end":{"line":7,"column":36}},{"start":{"line":7,"column":40},"end":{"line":7,"column":53}}]},"2":{"line":13,"type":"binary-expr","locations":[{"start":{"line":13,"column":26},"end":{"line":13,"column":36}},{"start":{"line":13,"column":40},"end":{"line":13,"column":43}}]},"3":{"line":14,"type":"binary-expr","locations":[{"start":{"line":14,"column":37},"end":{"line":14,"column":45}},{"start":{"line":14,"column":49},"end":{"line":14,"column":63}}]},"4":{"line":17,"type":"switch","locations":[{"start":{"line":18,"column":16},"end":{"line":34,"column":26}},{"start":{"line":35,"column":16},"end":{"line":38,"column":26}},{"start":{"line":39,"column":16},"end":{"line":42,"column":26}}]},"5":{"line":20,"type":"if","locations":[{"start":{"line":20,"column":20},"end":{"line":20,"column":20}},{"start":{"line":20,"column":20},"end":{"line":20,"column":20}}]},"6":{"line":20,"type":"binary-expr","locations":[{"start":{"line":20,"column":23},"end":{"line":20,"column":51}},{"start":{"line":20,"column":55},"end":{"line":20,"column":84}}]},"7":{"line":23,"type":"binary-expr","locations":[{"start":{"line":23,"column":36},"end":{"line":23,"column":64}},{"start":{"line":23,"column":70},"end":{"line":23,"column":81}}]},"8":{"line":25,"type":"if","locations":[{"start":{"line":25,"column":24},"end":{"line":25,"column":24}},{"start":{"line":25,"column":24},"end":{"line":25,"column":24}}]}}},"E:\\koa\\ServiceDemo\\myProcess\\libs\\db.js":{"path":"E:\\koa\\ServiceDemo\\myProcess\\libs\\db.js","s":{"1":1,"2":1,"3":1,"4":1,"5":1},"b":{},"f":{},"fnMap":{},"statementMap":{"1":{"start":{"line":1,"column":0},"end":{"line":4,"column":57}},"2":{"start":{"line":8,"column":0},"end":{"line":8,"column":34}},"3":{"start":{"line":10,"column":0},"end":{"line":10,"column":48}},"4":{"start":{"line":11,"column":0},"end":{"line":11,"column":37}},"5":{"start":{"line":13,"column":0},"end":{"line":13,"column":28}}},"branchMap":{}},"E:\\koa\\ServiceDemo\\myProcess\\config.js":{"path":"E:\\koa\\ServiceDemo\\myProcess\\config.js","s":{"1":1,"2":1},"b":{},"f":{},"fnMap":{},"statementMap":{"1":{"start":{"line":1,"column":0},"end":{"line":27,"column":2}},"2":{"start":{"line":29,"column":0},"end":{"line":29,"column":28}}},"branchMap":{}},"E:\\koa\\ServiceDemo\\myProcess\\middlewares\\auth.js":{"path":"E:\\koa\\ServiceDemo\\myProcess\\middlewares\\auth.js","s":{"1":1,"2":1,"3":1,"4":1,"5":1,"6":1,"7":1,"8":8,"9":8,"10":8,"11":8,"12":8,"13":0,"14":8,"15":8,"16":0,"17":8,"18":8,"19":20,"20":8,"21":0,"22":8,"23":8,"24":0,"25":8},"b":{"1":[0,8],"2":[0,8],"3":[20,8],"4":[0,8],"5":[0,8]},"f":{"1":8},"fnMap":{"1":{"name":"(anonymous_1)","line":59,"loc":{"start":{"line":59,"column":17},"end":{"line":59,"column":33}}}},"statementMap":{"1":{"start":{"line":1,"column":0},"end":{"line":1,"column":49}},"2":{"start":{"line":2,"column":0},"end":{"line":2,"column":46}},"3":{"start":{"line":4,"column":0},"end":{"line":4,"column":27}},"4":{"start":{"line":5,"column":0},"end":{"line":5,"column":26}},"5":{"start":{"line":6,"column":0},"end":{"line":6,"column":33}},"6":{"start":{"line":7,"column":0},"end":{"line":7,"column":37}},"7":{"start":{"line":59,"column":0},"end":{"line":92,"column":2}},"8":{"start":{"line":60,"column":4},"end":{"line":60,"column":43}},"9":{"start":{"line":63,"column":4},"end":{"line":63,"column":19}},"10":{"start":{"line":64,"column":4},"end":{"line":64,"column":24}},"11":{"start":{"line":66,"column":4},"end":{"line":66,"column":42}},"12":{"start":{"line":69,"column":4},"end":{"line":69,"column":74}},"13":{"start":{"line":69,"column":31},"end":{"line":69,"column":74}},"14":{"start":{"line":71,"column":4},"end":{"line":74,"column":42}},"15":{"start":{"line":77,"column":4},"end":{"line":77,"column":76}},"16":{"start":{"line":77,"column":33},"end":{"line":77,"column":76}},"17":{"start":{"line":80,"column":4},"end":{"line":80,"column":42}},"18":{"start":{"line":81,"column":4},"end":{"line":81,"column":81}},"19":{"start":{"line":81,"column":41},"end":{"line":81,"column":79}},"20":{"start":{"line":82,"column":4},"end":{"line":82,"column":61}},"21":{"start":{"line":82,"column":22},"end":{"line":82,"column":61}},"22":{"start":{"line":84,"column":4},"end":{"line":84,"column":65}},"23":{"start":{"line":85,"column":4},"end":{"line":87,"column":5}},"24":{"start":{"line":86,"column":8},"end":{"line":86,"column":62}},"25":{"start":{"line":90,"column":4},"end":{"line":90,"column":82}}},"branchMap":{"1":{"line":69,"type":"if","locations":[{"start":{"line":69,"column":4},"end":{"line":69,"column":4}},{"start":{"line":69,"column":4},"end":{"line":69,"column":4}}]},"2":{"line":77,"type":"if","locations":[{"start":{"line":77,"column":4},"end":{"line":77,"column":4}},{"start":{"line":77,"column":4},"end":{"line":77,"column":4}}]},"3":{"line":81,"type":"binary-expr","locations":[{"start":{"line":81,"column":41},"end":{"line":81,"column":57}},{"start":{"line":81,"column":61},"end":{"line":81,"column":79}}]},"4":{"line":82,"type":"if","locations":[{"start":{"line":82,"column":4},"end":{"line":82,"column":4}},{"start":{"line":82,"column":4},"end":{"line":82,"column":4}}]},"5":{"line":85,"type":"if","locations":[{"start":{"line":85,"column":4},"end":{"line":85,"column":4}},{"start":{"line":85,"column":4},"end":{"line":85,"column":4}}]}}},"E:\\koa\\ServiceDemo\\myProcess\\libs\\cache-user.js":{"path":"E:\\koa\\ServiceDemo\\myProcess\\libs\\cache-user.js","s":{"1":1,"2":1,"3":1,"4":0,"5":1,"6":0,"7":1,"8":0,"9":1,"10":0,"11":1,"12":0,"13":1},"b":{},"f":{"1":0,"2":0,"3":0,"4":0,"5":0},"fnMap":{"1":{"name":"(anonymous_1)","line":15,"loc":{"start":{"line":15,"column":20},"end":{"line":15,"column":35}}},"2":{"name":"(anonymous_2)","line":21,"loc":{"start":{"line":21,"column":17},"end":{"line":21,"column":38}}},"3":{"name":"(anonymous_3)","line":26,"loc":{"start":{"line":26,"column":18},"end":{"line":26,"column":40}}},"4":{"name":"(anonymous_4)","line":30,"loc":{"start":{"line":30,"column":19},"end":{"line":30,"column":34}}},"5":{"name":"(anonymous_5)","line":35,"loc":{"start":{"line":35,"column":18},"end":{"line":35,"column":43}}}},"statementMap":{"1":{"start":{"line":1,"column":0},"end":{"line":6,"column":27}},"2":{"start":{"line":8,"column":0},"end":{"line":8,"column":19}},"3":{"start":{"line":15,"column":0},"end":{"line":17,"column":2}},"4":{"start":{"line":16,"column":4},"end":{"line":16,"column":37}},"5":{"start":{"line":21,"column":0},"end":{"line":23,"column":2}},"6":{"start":{"line":22,"column":4},"end":{"line":22,"column":41}},"7":{"start":{"line":26,"column":0},"end":{"line":28,"column":2}},"8":{"start":{"line":27,"column":4},"end":{"line":27,"column":43}},"9":{"start":{"line":30,"column":0},"end":{"line":32,"column":2}},"10":{"start":{"line":31,"column":4},"end":{"line":31,"column":34}},"11":{"start":{"line":35,"column":0},"end":{"line":37,"column":2}},"12":{"start":{"line":36,"column":4},"end":{"line":36,"column":46}},"13":{"start":{"line":39,"column":0},"end":{"line":39,"column":27}}},"branchMap":{}},"E:\\koa\\ServiceDemo\\myProcess\\libs\\error.js":{"path":"E:\\koa\\ServiceDemo\\myProcess\\libs\\error.js","s":{"1":1,"2":9,"3":0,"4":0,"5":0,"6":0,"7":0,"8":9,"9":9,"10":1},"b":{"1":[0,0],"2":[0,0],"3":[0,0]},"f":{"1":9,"2":0},"fnMap":{"1":{"name":"(anonymous_1)","line":1,"loc":{"start":{"line":1,"column":20},"end":{"line":1,"column":51}}},"2":{"name":"(anonymous_2)","line":2,"loc":{"start":{"line":2,"column":12},"end":{"line":2,"column":29}}}},"statementMap":{"1":{"start":{"line":1,"column":0},"end":{"line":19,"column":2}},"2":{"start":{"line":2,"column":4},"end":{"line":8,"column":6}},"3":{"start":{"line":3,"column":8},"end":{"line":3,"column":36}},"4":{"start":{"line":4,"column":8},"end":{"line":4,"column":42}},"5":{"start":{"line":5,"column":8},"end":{"line":5,"column":34}},"6":{"start":{"line":6,"column":8},"end":{"line":6,"column":36}},"7":{"start":{"line":7,"column":8},"end":{"line":7,"column":32}},"8":{"start":{"line":10,"column":4},"end":{"line":16,"column":7}},"9":{"start":{"line":18,"column":4},"end":{"line":18,"column":13}},"10":{"start":{"line":21,"column":0},"end":{"line":31,"column":2}}},"branchMap":{"1":{"line":4,"type":"binary-expr","locations":[{"start":{"line":4,"column":32},"end":{"line":4,"column":36}},{"start":{"line":4,"column":40},"end":{"line":4,"column":41}}]},"2":{"line":5,"type":"binary-expr","locations":[{"start":{"line":5,"column":22},"end":{"line":5,"column":28}},{"start":{"line":5,"column":32},"end":{"line":5,"column":33}}]},"3":{"line":6,"type":"binary-expr","locations":[{"start":{"line":6,"column":23},"end":{"line":6,"column":30}},{"start":{"line":6,"column":34},"end":{"line":6,"column":35}}]}}},"E:\\koa\\ServiceDemo\\myProcess\\libs\\mongoose-customer-error-msg.js":{"path":"E:\\koa\\ServiceDemo\\myProcess\\libs\\mongoose-customer-error-msg.js","s":{"1":1,"2":1,"3":1,"4":1,"5":1,"6":1,"7":1,"8":1,"9":1,"10":1,"11":1,"12":1,"13":1,"14":1,"15":1,"16":1,"17":1},"b":{},"f":{},"fnMap":{},"statementMap":{"1":{"start":{"line":4,"column":0},"end":{"line":4,"column":36}},"2":{"start":{"line":5,"column":0},"end":{"line":5,"column":35}},"3":{"start":{"line":7,"column":0},"end":{"line":7,"column":17}},"4":{"start":{"line":8,"column":0},"end":{"line":8,"column":38}},"5":{"start":{"line":9,"column":0},"end":{"line":9,"column":38}},"6":{"start":{"line":11,"column":0},"end":{"line":11,"column":16}},"7":{"start":{"line":12,"column":0},"end":{"line":12,"column":55}},"8":{"start":{"line":13,"column":0},"end":{"line":13,"column":55}},"9":{"start":{"line":15,"column":0},"end":{"line":15,"column":14}},"10":{"start":{"line":16,"column":0},"end":{"line":16,"column":55}},"11":{"start":{"line":17,"column":0},"end":{"line":17,"column":56}},"12":{"start":{"line":19,"column":0},"end":{"line":19,"column":16}},"13":{"start":{"line":20,"column":0},"end":{"line":20,"column":51}},"14":{"start":{"line":21,"column":0},"end":{"line":21,"column":46}},"15":{"start":{"line":22,"column":0},"end":{"line":22,"column":73}},"16":{"start":{"line":23,"column":0},"end":{"line":23,"column":74}},"17":{"start":{"line":24,"column":0},"end":{"line":24,"column":21}}},"branchMap":{}},"E:\\koa\\ServiceDemo\\myProcess\\middlewares\\upload.js":{"path":"E:\\koa\\ServiceDemo\\myProcess\\middlewares\\upload.js","s":{"1":1,"2":1,"3":1,"4":1,"5":1,"6":1,"7":1,"8":1,"9":1,"10":8,"11":2,"12":6,"13":6,"14":6,"15":6,"16":6,"17":6,"18":6,"19":6,"20":19,"21":19,"22":19,"23":0,"24":0,"25":0,"26":0,"27":0,"28":0,"29":0,"30":0,"31":0,"32":0,"33":6,"34":6,"35":6},"b":{"1":[1,1],"2":[1,0],"3":[2,6],"4":[19,0],"5":[0,0],"6":[0,0]},"f":{"1":8},"fnMap":{"1":{"name":"(anonymous_1)","line":10,"loc":{"start":{"line":10,"column":17},"end":{"line":10,"column":34}}}},"statementMap":{"1":{"start":{"line":1,"column":0},"end":{"line":1,"column":40}},"2":{"start":{"line":2,"column":0},"end":{"line":2,"column":32}},"3":{"start":{"line":3,"column":0},"end":{"line":3,"column":27}},"4":{"start":{"line":4,"column":0},"end":{"line":4,"column":23}},"5":{"start":{"line":5,"column":0},"end":{"line":5,"column":37}},"6":{"start":{"line":6,"column":0},"end":{"line":6,"column":56}},"7":{"start":{"line":7,"column":0},"end":{"line":7,"column":76}},"8":{"start":{"line":8,"column":0},"end":{"line":8,"column":55}},"9":{"start":{"line":10,"column":0},"end":{"line":68,"column":2}},"10":{"start":{"line":12,"column":4},"end":{"line":12,"column":59}},"11":{"start":{"line":12,"column":41},"end":{"line":12,"column":59}},"12":{"start":{"line":14,"column":4},"end":{"line":14,"column":19}},"13":{"start":{"line":15,"column":4},"end":{"line":15,"column":44}},"14":{"start":{"line":16,"column":4},"end":{"line":19,"column":26}},"15":{"start":{"line":20,"column":4},"end":{"line":20,"column":32}},"16":{"start":{"line":21,"column":4},"end":{"line":21,"column":40}},"17":{"start":{"line":22,"column":4},"end":{"line":22,"column":32}},"18":{"start":{"line":24,"column":4},"end":{"line":24,"column":64}},"19":{"start":{"line":25,"column":4},"end":{"line":63,"column":5}},"20":{"start":{"line":26,"column":8},"end":{"line":29,"column":9}},"21":{"start":{"line":27,"column":12},"end":{"line":27,"column":36}},"22":{"start":{"line":28,"column":12},"end":{"line":28,"column":21}},"23":{"start":{"line":31,"column":8},"end":{"line":32,"column":97}},"24":{"start":{"line":35,"column":8},"end":{"line":44,"column":11}},"25":{"start":{"line":45,"column":8},"end":{"line":45,"column":28}},"26":{"start":{"line":48,"column":8},"end":{"line":48,"column":55}},"27":{"start":{"line":49,"column":8},"end":{"line":49,"column":63}},"28":{"start":{"line":50,"column":8},"end":{"line":50,"column":65}},"29":{"start":{"line":52,"column":8},"end":{"line":52,"column":63}},"30":{"start":{"line":53,"column":8},"end":{"line":53,"column":73}},"31":{"start":{"line":54,"column":8},"end":{"line":60,"column":10}},"32":{"start":{"line":62,"column":8},"end":{"line":62,"column":53}},"33":{"start":{"line":65,"column":4},"end":{"line":65,"column":28}},"34":{"start":{"line":66,"column":4},"end":{"line":66,"column":30}},"35":{"start":{"line":67,"column":4},"end":{"line":67,"column":15}}},"branchMap":{"1":{"line":7,"type":"binary-expr","locations":[{"start":{"line":7,"column":17},"end":{"line":7,"column":34}},{"start":{"line":7,"column":38},"end":{"line":7,"column":75}}]},"2":{"line":8,"type":"binary-expr","locations":[{"start":{"line":8,"column":0},"end":{"line":8,"column":26}},{"start":{"line":8,"column":30},"end":{"line":8,"column":54}}]},"3":{"line":12,"type":"if","locations":[{"start":{"line":12,"column":4},"end":{"line":12,"column":4}},{"start":{"line":12,"column":4},"end":{"line":12,"column":4}}]},"4":{"line":26,"type":"if","locations":[{"start":{"line":26,"column":8},"end":{"line":26,"column":8}},{"start":{"line":26,"column":8},"end":{"line":26,"column":8}}]},"5":{"line":52,"type":"binary-expr","locations":[{"start":{"line":52,"column":8},"end":{"line":52,"column":34}},{"start":{"line":52,"column":38},"end":{"line":52,"column":62}}]},"6":{"line":53,"type":"binary-expr","locations":[{"start":{"line":53,"column":8},"end":{"line":53,"column":39}},{"start":{"line":53,"column":43},"end":{"line":53,"column":72}}]}}},"E:\\koa\\ServiceDemo\\myProcess\\models\\sys\\attachment.js":{"path":"E:\\koa\\ServiceDemo\\myProcess\\models\\sys\\attachment.js","s":{"1":1,"2":1,"3":1,"4":1},"b":{},"f":{},"fnMap":{},"statementMap":{"1":{"start":{"line":1,"column":0},"end":{"line":3,"column":55}},"2":{"start":{"line":5,"column":0},"end":{"line":14,"column":24}},"3":{"start":{"line":15,"column":0},"end":{"line":15,"column":64}},"4":{"start":{"line":16,"column":0},"end":{"line":16,"column":68}}},"branchMap":{}},"E:\\koa\\ServiceDemo\\myProcess\\controllers\\process\\Polymer.js":{"path":"E:\\koa\\ServiceDemo\\myProcess\\controllers\\process\\Polymer.js","s":{"1":1,"2":1,"3":1,"4":1,"5":1,"6":1,"7":1,"8":1,"9":1,"10":6,"11":6,"12":6,"13":1,"14":1,"15":1,"16":1,"17":1,"18":1,"19":1,"20":1,"21":0,"22":1,"23":1,"24":1},"b":{"1":[6,0],"2":[6,0],"3":[0,1],"4":[1,1]},"f":{"1":1,"2":1,"3":1,"4":1},"fnMap":{"1":{"name":"(anonymous_1)","line":22,"loc":{"start":{"line":22,"column":22},"end":{"line":22,"column":42}}},"2":{"name":"(anonymous_2)","line":44,"loc":{"start":{"line":44,"column":19},"end":{"line":44,"column":39}}},"3":{"name":"(anonymous_3)","line":61,"loc":{"start":{"line":61,"column":22},"end":{"line":61,"column":42}}},"4":{"name":"(anonymous_4)","line":72,"loc":{"start":{"line":72,"column":23},"end":{"line":72,"column":43}}}},"statementMap":{"1":{"start":{"line":4,"column":0},"end":{"line":4,"column":47}},"2":{"start":{"line":5,"column":0},"end":{"line":5,"column":57}},"3":{"start":{"line":6,"column":0},"end":{"line":6,"column":46}},"4":{"start":{"line":22,"column":0},"end":{"line":35,"column":3}},"5":{"start":{"line":23,"column":4},"end":{"line":33,"column":7}},"6":{"start":{"line":34,"column":4},"end":{"line":34,"column":18}},"7":{"start":{"line":44,"column":0},"end":{"line":53,"column":3}},"8":{"start":{"line":45,"column":4},"end":{"line":45,"column":101}},"9":{"start":{"line":46,"column":4},"end":{"line":51,"column":7}},"10":{"start":{"line":47,"column":8},"end":{"line":50,"column":9}},"11":{"start":{"line":48,"column":12},"end":{"line":48,"column":45}},"12":{"start":{"line":49,"column":12},"end":{"line":49,"column":33}},"13":{"start":{"line":52,"column":4},"end":{"line":52,"column":20}},"14":{"start":{"line":61,"column":0},"end":{"line":64,"column":3}},"15":{"start":{"line":62,"column":4},"end":{"line":62,"column":95}},"16":{"start":{"line":63,"column":4},"end":{"line":63,"column":18}},"17":{"start":{"line":72,"column":0},"end":{"line":83,"column":3}},"18":{"start":{"line":73,"column":4},"end":{"line":76,"column":6}},"19":{"start":{"line":77,"column":4},"end":{"line":77,"column":31}},"20":{"start":{"line":78,"column":4},"end":{"line":80,"column":5}},"21":{"start":{"line":79,"column":8},"end":{"line":79,"column":66}},"22":{"start":{"line":81,"column":4},"end":{"line":81,"column":45}},"23":{"start":{"line":82,"column":4},"end":{"line":82,"column":18}},"24":{"start":{"line":84,"column":0},"end":{"line":84,"column":32}}},"branchMap":{"1":{"line":47,"type":"if","locations":[{"start":{"line":47,"column":8},"end":{"line":47,"column":8}},{"start":{"line":47,"column":8},"end":{"line":47,"column":8}}]},"2":{"line":47,"type":"binary-expr","locations":[{"start":{"line":47,"column":12},"end":{"line":47,"column":25}},{"start":{"line":47,"column":29},"end":{"line":47,"column":47}}]},"3":{"line":78,"type":"if","locations":[{"start":{"line":78,"column":4},"end":{"line":78,"column":4}},{"start":{"line":78,"column":4},"end":{"line":78,"column":4}}]},"4":{"line":78,"type":"binary-expr","locations":[{"start":{"line":78,"column":7},"end":{"line":78,"column":14}},{"start":{"line":78,"column":17},"end":{"line":78,"column":26}}]}}},"E:\\koa\\ServiceDemo\\myProcess\\libs\\Router.js":{"path":"E:\\koa\\ServiceDemo\\myProcess\\libs\\Router.js","s":{"1":1,"2":1,"3":3,"4":1,"5":10,"6":10,"7":10,"8":10,"9":10,"10":10,"11":1,"12":8,"13":8,"14":5,"15":3,"16":3,"17":3,"18":4,"19":4,"20":0,"21":4,"22":0,"23":4,"24":0,"25":4,"26":0,"27":4,"28":0,"29":3,"30":3,"31":3,"32":3,"33":1,"34":10,"35":10,"36":7,"37":7,"38":7,"39":3,"40":3,"41":0,"42":0,"43":0,"44":3,"45":0,"46":0,"47":0,"48":3,"49":3,"50":3,"51":0,"52":0,"53":0,"54":0,"55":0,"56":0,"57":0,"58":0,"59":0,"60":0,"61":0,"62":0,"63":0,"64":0,"65":0,"66":0,"67":10,"68":1,"69":7,"70":1,"71":3,"72":1,"73":0,"74":1,"75":1,"76":3},"b":{"1":[5,3],"2":[0,4],"3":[4,4],"4":[0,0],"5":[0,4],"6":[4,0,0],"7":[0,0],"8":[0,4],"9":[4,0,0],"10":[0,0],"11":[0,4],"12":[4,0,0],"13":[0,0],"14":[0,4],"15":[4,0,0],"16":[0,0],"17":[0,3],"18":[3,1],"19":[3,2],"20":[3,0],"21":[3,3],"22":[7,3],"23":[3,0],"24":[0,3],"25":[3,3],"26":[0,3],"27":[3,0],"28":[0,0],"29":[0,0],"30":[0,0,0],"31":[0,0],"32":[0,0,0]},"f":{"1":3,"2":10,"3":8,"4":3,"5":10,"6":7,"7":3,"8":0,"9":3},"fnMap":{"1":{"name":"(anonymous_1)","line":7,"loc":{"start":{"line":7,"column":13},"end":{"line":7,"column":23}}},"2":{"name":"(anonymous_2)","line":11,"loc":{"start":{"line":11,"column":13},"end":{"line":11,"column":70}}},"3":{"name":"(anonymous_3)","line":20,"loc":{"start":{"line":20,"column":28},"end":{"line":20,"column":49}}},"4":{"name":"(anonymous_4)","line":27,"loc":{"start":{"line":27,"column":18},"end":{"line":27,"column":41}}},"5":{"name":"(anonymous_5)","line":61,"loc":{"start":{"line":61,"column":26},"end":{"line":61,"column":48}}},"6":{"name":"(anonymous_6)","line":116,"loc":{"start":{"line":116,"column":24},"end":{"line":116,"column":34}}},"7":{"name":"(anonymous_7)","line":120,"loc":{"start":{"line":120,"column":23},"end":{"line":120,"column":33}}},"8":{"name":"(anonymous_8)","line":124,"loc":{"start":{"line":124,"column":23},"end":{"line":124,"column":33}}},"9":{"name":"(anonymous_9)","line":135,"loc":{"start":{"line":135,"column":17},"end":{"line":135,"column":27}}}},"statementMap":{"1":{"start":{"line":1,"column":0},"end":{"line":4,"column":65}},"2":{"start":{"line":7,"column":0},"end":{"line":9,"column":2}},"3":{"start":{"line":8,"column":4},"end":{"line":8,"column":22}},"4":{"start":{"line":11,"column":0},"end":{"line":18,"column":2}},"5":{"start":{"line":12,"column":4},"end":{"line":12,"column":21}},"6":{"start":{"line":13,"column":4},"end":{"line":13,"column":25}},"7":{"start":{"line":14,"column":4},"end":{"line":14,"column":21}},"8":{"start":{"line":15,"column":4},"end":{"line":15,"column":27}},"9":{"start":{"line":16,"column":4},"end":{"line":16,"column":25}},"10":{"start":{"line":17,"column":4},"end":{"line":17,"column":33}},"11":{"start":{"line":20,"column":0},"end":{"line":59,"column":2}},"12":{"start":{"line":21,"column":4},"end":{"line":23,"column":32}},"13":{"start":{"line":25,"column":4},"end":{"line":25,"column":32}},"14":{"start":{"line":25,"column":25},"end":{"line":25,"column":32}},"15":{"start":{"line":27,"column":4},"end":{"line":53,"column":6}},"16":{"start":{"line":28,"column":8},"end":{"line":28,"column":22}},"17":{"start":{"line":29,"column":8},"end":{"line":51,"column":9}},"18":{"start":{"line":30,"column":12},"end":{"line":30,"column":34}},"19":{"start":{"line":32,"column":12},"end":{"line":34,"column":13}},"20":{"start":{"line":33,"column":16},"end":{"line":33,"column":45}},"21":{"start":{"line":36,"column":12},"end":{"line":38,"column":13}},"22":{"start":{"line":37,"column":16},"end":{"line":37,"column":48}},"23":{"start":{"line":40,"column":12},"end":{"line":42,"column":13}},"24":{"start":{"line":41,"column":16},"end":{"line":41,"column":87}},"25":{"start":{"line":44,"column":12},"end":{"line":46,"column":13}},"26":{"start":{"line":45,"column":16},"end":{"line":45,"column":47}},"27":{"start":{"line":48,"column":12},"end":{"line":50,"column":13}},"28":{"start":{"line":49,"column":16},"end":{"line":49,"column":47}},"29":{"start":{"line":52,"column":8},"end":{"line":52,"column":59}},"30":{"start":{"line":55,"column":4},"end":{"line":55,"column":74}},"31":{"start":{"line":56,"column":4},"end":{"line":56,"column":70}},"32":{"start":{"line":58,"column":4},"end":{"line":58,"column":97}},"33":{"start":{"line":61,"column":0},"end":{"line":114,"column":2}},"34":{"start":{"line":62,"column":4},"end":{"line":62,"column":63}},"35":{"start":{"line":66,"column":4},"end":{"line":110,"column":5}},"36":{"start":{"line":67,"column":8},"end":{"line":67,"column":34}},"37":{"start":{"line":68,"column":8},"end":{"line":68,"column":26}},"38":{"start":{"line":69,"column":8},"end":{"line":69,"column":27}},"39":{"start":{"line":70,"column":10},"end":{"line":110,"column":5}},"40":{"start":{"line":71,"column":8},"end":{"line":86,"column":9}},"41":{"start":{"line":73,"column":12},"end":{"line":73,"column":38}},"42":{"start":{"line":74,"column":12},"end":{"line":74,"column":30}},"43":{"start":{"line":75,"column":12},"end":{"line":75,"column":34}},"44":{"start":{"line":76,"column":14},"end":{"line":86,"column":9}},"45":{"start":{"line":78,"column":12},"end":{"line":78,"column":27}},"46":{"start":{"line":79,"column":12},"end":{"line":79,"column":30}},"47":{"start":{"line":80,"column":12},"end":{"line":80,"column":31}},"48":{"start":{"line":83,"column":12},"end":{"line":83,"column":38}},"49":{"start":{"line":84,"column":12},"end":{"line":84,"column":30}},"50":{"start":{"line":85,"column":12},"end":{"line":85,"column":33}},"51":{"start":{"line":87,"column":10},"end":{"line":110,"column":5}},"52":{"start":{"line":89,"column":8},"end":{"line":103,"column":9}},"53":{"start":{"line":90,"column":12},"end":{"line":90,"column":30}},"54":{"start":{"line":91,"column":12},"end":{"line":91,"column":34}},"55":{"start":{"line":92,"column":12},"end":{"line":92,"column":33}},"56":{"start":{"line":93,"column":14},"end":{"line":103,"column":9}},"57":{"start":{"line":95,"column":12},"end":{"line":95,"column":27}},"58":{"start":{"line":96,"column":12},"end":{"line":96,"column":30}},"59":{"start":{"line":97,"column":12},"end":{"line":97,"column":33}},"60":{"start":{"line":100,"column":12},"end":{"line":100,"column":27}},"61":{"start":{"line":101,"column":12},"end":{"line":101,"column":30}},"62":{"start":{"line":102,"column":12},"end":{"line":102,"column":34}},"63":{"start":{"line":106,"column":8},"end":{"line":106,"column":23}},"64":{"start":{"line":107,"column":8},"end":{"line":107,"column":26}},"65":{"start":{"line":108,"column":8},"end":{"line":108,"column":30}},"66":{"start":{"line":109,"column":8},"end":{"line":109,"column":29}},"67":{"start":{"line":113,"column":4},"end":{"line":113,"column":88}},"68":{"start":{"line":116,"column":0},"end":{"line":118,"column":2}},"69":{"start":{"line":117,"column":4},"end":{"line":117,"column":35}},"70":{"start":{"line":120,"column":0},"end":{"line":122,"column":2}},"71":{"start":{"line":121,"column":4},"end":{"line":121,"column":34}},"72":{"start":{"line":124,"column":0},"end":{"line":126,"column":2}},"73":{"start":{"line":125,"column":4},"end":{"line":125,"column":34}},"74":{"start":{"line":128,"column":0},"end":{"line":133,"column":2}},"75":{"start":{"line":135,"column":0},"end":{"line":137,"column":2}},"76":{"start":{"line":136,"column":4},"end":{"line":136,"column":24}}},"branchMap":{"1":{"line":25,"type":"if","locations":[{"start":{"line":25,"column":4},"end":{"line":25,"column":4}},{"start":{"line":25,"column":4},"end":{"line":25,"column":4}}]},"2":{"line":32,"type":"if","locations":[{"start":{"line":32,"column":12},"end":{"line":32,"column":12}},{"start":{"line":32,"column":12},"end":{"line":32,"column":12}}]},"3":{"line":32,"type":"binary-expr","locations":[{"start":{"line":32,"column":15},"end":{"line":32,"column":30}},{"start":{"line":32,"column":34},"end":{"line":32,"column":46}}]},"4":{"line":33,"type":"binary-expr","locations":[{"start":{"line":33,"column":28},"end":{"line":33,"column":36}},{"start":{"line":33,"column":40},"end":{"line":33,"column":44}}]},"5":{"line":36,"type":"if","locations":[{"start":{"line":36,"column":12},"end":{"line":36,"column":12}},{"start":{"line":36,"column":12},"end":{"line":36,"column":12}}]},"6":{"line":36,"type":"binary-expr","locations":[{"start":{"line":36,"column":15},"end":{"line":36,"column":29}},{"start":{"line":36,"column":33},"end":{"line":36,"column":44}},{"start":{"line":36,"column":48},"end":{"line":36,"column":77}}]},"7":{"line":37,"type":"binary-expr","locations":[{"start":{"line":37,"column":28},"end":{"line":37,"column":36}},{"start":{"line":37,"column":40},"end":{"line":37,"column":47}}]},"8":{"line":40,"type":"if","locations":[{"start":{"line":40,"column":12},"end":{"line":40,"column":12}},{"start":{"line":40,"column":12},"end":{"line":40,"column":12}}]},"9":{"line":40,"type":"binary-expr","locations":[{"start":{"line":40,"column":15},"end":{"line":40,"column":24}},{"start":{"line":40,"column":28},"end":{"line":40,"column":39}},{"start":{"line":40,"column":43},"end":{"line":40,"column":79}}]},"10":{"line":41,"type":"binary-expr","locations":[{"start":{"line":41,"column":28},"end":{"line":41,"column":36}},{"start":{"line":41,"column":40},"end":{"line":41,"column":86}}]},"11":{"line":44,"type":"if","locations":[{"start":{"line":44,"column":12},"end":{"line":44,"column":12}},{"start":{"line":44,"column":12},"end":{"line":44,"column":12}}]},"12":{"line":44,"type":"binary-expr","locations":[{"start":{"line":44,"column":15},"end":{"line":44,"column":29}},{"start":{"line":44,"column":33},"end":{"line":44,"column":44}},{"start":{"line":44,"column":48},"end":{"line":44,"column":77}}]},"13":{"line":45,"type":"binary-expr","locations":[{"start":{"line":45,"column":28},"end":{"line":45,"column":36}},{"start":{"line":45,"column":40},"end":{"line":45,"column":46}}]},"14":{"line":48,"type":"if","locations":[{"start":{"line":48,"column":12},"end":{"line":48,"column":12}},{"start":{"line":48,"column":12},"end":{"line":48,"column":12}}]},"15":{"line":48,"type":"binary-expr","locations":[{"start":{"line":48,"column":15},"end":{"line":48,"column":27}},{"start":{"line":48,"column":31},"end":{"line":48,"column":42}},{"start":{"line":48,"column":46},"end":{"line":48,"column":73}}]},"16":{"line":49,"type":"binary-expr","locations":[{"start":{"line":49,"column":28},"end":{"line":49,"column":36}},{"start":{"line":49,"column":40},"end":{"line":49,"column":46}}]},"17":{"line":52,"type":"cond-expr","locations":[{"start":{"line":52,"column":42},"end":{"line":52,"column":46}},{"start":{"line":52,"column":49},"end":{"line":52,"column":58}}]},"18":{"line":55,"type":"binary-expr","locations":[{"start":{"line":55,"column":4},"end":{"line":55,"column":20}},{"start":{"line":55,"column":25},"end":{"line":55,"column":72}}]},"19":{"line":56,"type":"binary-expr","locations":[{"start":{"line":56,"column":4},"end":{"line":56,"column":19}},{"start":{"line":56,"column":24},"end":{"line":56,"column":68}}]},"20":{"line":58,"type":"cond-expr","locations":[{"start":{"line":58,"column":43},"end":{"line":58,"column":52}},{"start":{"line":58,"column":55},"end":{"line":58,"column":96}}]},"21":{"line":58,"type":"binary-expr","locations":[{"start":{"line":58,"column":12},"end":{"line":58,"column":24}},{"start":{"line":58,"column":28},"end":{"line":58,"column":39}}]},"22":{"line":66,"type":"if","locations":[{"start":{"line":66,"column":4},"end":{"line":66,"column":4}},{"start":{"line":66,"column":4},"end":{"line":66,"column":4}}]},"23":{"line":70,"type":"if","locations":[{"start":{"line":70,"column":10},"end":{"line":70,"column":10}},{"start":{"line":70,"column":10},"end":{"line":70,"column":10}}]},"24":{"line":71,"type":"if","locations":[{"start":{"line":71,"column":8},"end":{"line":71,"column":8}},{"start":{"line":71,"column":8},"end":{"line":71,"column":8}}]},"25":{"line":71,"type":"binary-expr","locations":[{"start":{"line":71,"column":11},"end":{"line":71,"column":40}},{"start":{"line":71,"column":44},"end":{"line":71,"column":72}}]},"26":{"line":76,"type":"if","locations":[{"start":{"line":76,"column":14},"end":{"line":76,"column":14}},{"start":{"line":76,"column":14},"end":{"line":76,"column":14}}]},"27":{"line":76,"type":"binary-expr","locations":[{"start":{"line":76,"column":17},"end":{"line":76,"column":44}},{"start":{"line":76,"column":48},"end":{"line":76,"column":77}}]},"28":{"line":87,"type":"if","locations":[{"start":{"line":87,"column":10},"end":{"line":87,"column":10}},{"start":{"line":87,"column":10},"end":{"line":87,"column":10}}]},"29":{"line":89,"type":"if","locations":[{"start":{"line":89,"column":8},"end":{"line":89,"column":8}},{"start":{"line":89,"column":8},"end":{"line":89,"column":8}}]},"30":{"line":89,"type":"binary-expr","locations":[{"start":{"line":89,"column":11},"end":{"line":89,"column":40}},{"start":{"line":89,"column":44},"end":{"line":89,"column":72}},{"start":{"line":89,"column":76},"end":{"line":89,"column":103}}]},"31":{"line":93,"type":"if","locations":[{"start":{"line":93,"column":14},"end":{"line":93,"column":14}},{"start":{"line":93,"column":14},"end":{"line":93,"column":14}}]},"32":{"line":93,"type":"binary-expr","locations":[{"start":{"line":93,"column":17},"end":{"line":93,"column":44}},{"start":{"line":93,"column":48},"end":{"line":93,"column":77}},{"start":{"line":93,"column":81},"end":{"line":93,"column":108}}]}}},"E:\\koa\\ServiceDemo\\myProcess\\models\\process\\polymer.js":{"path":"E:\\koa\\ServiceDemo\\myProcess\\models\\process\\polymer.js","s":{"1":1,"2":1,"3":1,"4":1,"5":1,"6":1},"b":{},"f":{},"fnMap":{},"statementMap":{"1":{"start":{"line":5,"column":0},"end":{"line":5,"column":37}},"2":{"start":{"line":6,"column":0},"end":{"line":6,"column":31}},"3":{"start":{"line":7,"column":0},"end":{"line":7,"column":57}},"4":{"start":{"line":8,"column":0},"end":{"line":45,"column":42}},"5":{"start":{"line":46,"column":0},"end":{"line":46,"column":58}},"6":{"start":{"line":47,"column":0},"end":{"line":47,"column":62}}},"branchMap":{}},"E:\\koa\\ServiceDemo\\myProcess\\controllers\\process\\process.js":{"path":"E:\\koa\\ServiceDemo\\myProcess\\controllers\\process\\process.js","s":{"1":1,"2":1,"3":1,"4":1,"5":1,"6":1,"7":1,"8":1,"9":1,"10":9,"11":9,"12":9,"13":9,"14":9,"15":9,"16":1,"17":1,"18":1,"19":1,"20":1,"21":1,"22":1,"23":1},"b":{},"f":{"1":1,"2":1,"3":1,"4":1},"fnMap":{"1":{"name":"(anonymous_1)","line":17,"loc":{"start":{"line":17,"column":22},"end":{"line":17,"column":42}}},"2":{"name":"(anonymous_2)","line":34,"loc":{"start":{"line":34,"column":19},"end":{"line":34,"column":40}}},"3":{"name":"(anonymous_3)","line":59,"loc":{"start":{"line":59,"column":22},"end":{"line":59,"column":43}}},"4":{"name":"(anonymous_4)","line":76,"loc":{"start":{"line":76,"column":23},"end":{"line":76,"column":43}}}},"statementMap":{"1":{"start":{"line":4,"column":0},"end":{"line":4,"column":47}},"2":{"start":{"line":5,"column":0},"end":{"line":5,"column":40}},"3":{"start":{"line":6,"column":0},"end":{"line":6,"column":57}},"4":{"start":{"line":17,"column":0},"end":{"line":25,"column":3}},"5":{"start":{"line":18,"column":4},"end":{"line":23,"column":7}},"6":{"start":{"line":24,"column":4},"end":{"line":24,"column":18}},"7":{"start":{"line":34,"column":0},"end":{"line":49,"column":3}},"8":{"start":{"line":35,"column":4},"end":{"line":35,"column":96}},"9":{"start":{"line":36,"column":4},"end":{"line":43,"column":7}},"10":{"start":{"line":37,"column":8},"end":{"line":37,"column":20}},"11":{"start":{"line":38,"column":8},"end":{"line":38,"column":30}},"12":{"start":{"line":39,"column":8},"end":{"line":39,"column":42}},"13":{"start":{"line":40,"column":8},"end":{"line":40,"column":34}},"14":{"start":{"line":41,"column":8},"end":{"line":41,"column":33}},"15":{"start":{"line":42,"column":8},"end":{"line":42,"column":18}},"16":{"start":{"line":44,"column":4},"end":{"line":44,"column":19}},"17":{"start":{"line":59,"column":0},"end":{"line":67,"column":3}},"18":{"start":{"line":60,"column":4},"end":{"line":60,"column":93}},"19":{"start":{"line":61,"column":4},"end":{"line":61,"column":18}},"20":{"start":{"line":76,"column":0},"end":{"line":83,"column":3}},"21":{"start":{"line":77,"column":4},"end":{"line":77,"column":52}},"22":{"start":{"line":78,"column":4},"end":{"line":78,"column":18}},"23":{"start":{"line":84,"column":0},"end":{"line":84,"column":32}}},"branchMap":{}},"E:\\koa\\ServiceDemo\\myProcess\\models\\process\\process.js":{"path":"E:\\koa\\ServiceDemo\\myProcess\\models\\process\\process.js","s":{"1":1,"2":1,"3":1,"4":1,"5":1,"6":1},"b":{},"f":{},"fnMap":{},"statementMap":{"1":{"start":{"line":4,"column":0},"end":{"line":4,"column":37}},"2":{"start":{"line":5,"column":0},"end":{"line":5,"column":31}},"3":{"start":{"line":6,"column":0},"end":{"line":6,"column":57}},"4":{"start":{"line":7,"column":0},"end":{"line":24,"column":42}},"5":{"start":{"line":25,"column":0},"end":{"line":25,"column":58}},"6":{"start":{"line":26,"column":0},"end":{"line":26,"column":62}}},"branchMap":{}},"E:\\koa\\ServiceDemo\\myProcess\\controllers\\public\\attachment.js":{"path":"E:\\koa\\ServiceDemo\\myProcess\\controllers\\public\\attachment.js","s":{"1":1,"2":1,"3":1,"4":1,"5":1,"6":1,"7":1,"8":1,"9":1,"10":1,"11":1,"12":1,"13":1,"14":1,"15":1,"16":0,"17":0,"18":0,"19":0,"20":0,"21":0,"22":0,"23":0,"24":0,"25":0,"26":0,"27":0,"28":0,"29":0,"30":0,"31":0,"32":0,"33":0,"34":0,"35":0,"36":0,"37":0,"38":0,"39":0,"40":0,"41":1,"42":0,"43":0,"44":0,"45":0,"46":0,"47":0,"48":0,"49":0,"50":0,"51":0,"52":0,"53":1},"b":{"1":[1,1],"2":[1,0],"3":[1,0],"4":[0,0],"5":[0,0],"6":[0,0],"7":[0,0],"8":[0,0],"9":[0,0],"10":[0,0]},"f":{"1":0,"2":0},"fnMap":{"1":{"name":"(anonymous_1)","line":31,"loc":{"start":{"line":31,"column":22},"end":{"line":31,"column":47}}},"2":{"name":"(anonymous_2)","line":99,"loc":{"start":{"line":99,"column":23},"end":{"line":99,"column":49}}}},"statementMap":{"1":{"start":{"line":5,"column":0},"end":{"line":5,"column":48}},"2":{"start":{"line":6,"column":0},"end":{"line":6,"column":41}},"3":{"start":{"line":7,"column":0},"end":{"line":7,"column":50}},"4":{"start":{"line":8,"column":0},"end":{"line":8,"column":41}},"5":{"start":{"line":9,"column":0},"end":{"line":9,"column":33}},"6":{"start":{"line":10,"column":0},"end":{"line":10,"column":60}},"7":{"start":{"line":11,"column":0},"end":{"line":11,"column":24}},"8":{"start":{"line":12,"column":0},"end":{"line":12,"column":28}},"9":{"start":{"line":13,"column":0},"end":{"line":13,"column":40}},"10":{"start":{"line":14,"column":0},"end":{"line":14,"column":37}},"11":{"start":{"line":18,"column":0},"end":{"line":18,"column":80}},"12":{"start":{"line":19,"column":0},"end":{"line":19,"column":55}},"13":{"start":{"line":20,"column":0},"end":{"line":20,"column":43}},"14":{"start":{"line":21,"column":0},"end":{"line":21,"column":47}},"15":{"start":{"line":31,"column":0},"end":{"line":90,"column":3}},"16":{"start":{"line":32,"column":4},"end":{"line":32,"column":87}},"17":{"start":{"line":32,"column":41},"end":{"line":32,"column":87}},"18":{"start":{"line":34,"column":4},"end":{"line":34,"column":115}},"19":{"start":{"line":35,"column":4},"end":{"line":52,"column":5}},"20":{"start":{"line":36,"column":8},"end":{"line":51,"column":9}},"21":{"start":{"line":38,"column":12},"end":{"line":38,"column":41}},"22":{"start":{"line":42,"column":12},"end":{"line":42,"column":60}},"23":{"start":{"line":43,"column":12},"end":{"line":48,"column":15}},"24":{"start":{"line":50,"column":12},"end":{"line":50,"column":57}},"25":{"start":{"line":54,"column":4},"end":{"line":60,"column":5}},"26":{"start":{"line":56,"column":8},"end":{"line":58,"column":11}},"27":{"start":{"line":57,"column":12},"end":{"line":57,"column":37}},"28":{"start":{"line":59,"column":8},"end":{"line":59,"column":38}},"29":{"start":{"line":61,"column":4},"end":{"line":87,"column":5}},"30":{"start":{"line":62,"column":8},"end":{"line":62,"column":91}},"31":{"start":{"line":63,"column":8},"end":{"line":72,"column":11}},"32":{"start":{"line":74,"column":8},"end":{"line":74,"column":43}},"33":{"start":{"line":75,"column":8},"end":{"line":75,"column":29}},"34":{"start":{"line":77,"column":8},"end":{"line":77,"column":65}},"35":{"start":{"line":78,"column":8},"end":{"line":78,"column":63}},"36":{"start":{"line":79,"column":8},"end":{"line":79,"column":72}},"37":{"start":{"line":82,"column":8},"end":{"line":82,"column":63}},"38":{"start":{"line":83,"column":8},"end":{"line":83,"column":73}},"39":{"start":{"line":86,"column":8},"end":{"line":86,"column":49}},"40":{"start":{"line":89,"column":4},"end":{"line":89,"column":30}},"41":{"start":{"line":99,"column":0},"end":{"line":113,"column":3}},"42":{"start":{"line":100,"column":4},"end":{"line":101,"column":22}},"43":{"start":{"line":104,"column":4},"end":{"line":104,"column":65}},"44":{"start":{"line":104,"column":26},"end":{"line":104,"column":65}},"45":{"start":{"line":106,"column":4},"end":{"line":106,"column":70}},"46":{"start":{"line":107,"column":4},"end":{"line":107,"column":47}},"47":{"start":{"line":107,"column":22},"end":{"line":107,"column":47}},"48":{"start":{"line":108,"column":4},"end":{"line":108,"column":68}},"49":{"start":{"line":109,"column":4},"end":{"line":109,"column":99}},"50":{"start":{"line":110,"column":4},"end":{"line":110,"column":109}},"51":{"start":{"line":111,"column":4},"end":{"line":111,"column":61}},"52":{"start":{"line":112,"column":4},"end":{"line":112,"column":45}},"53":{"start":{"line":115,"column":0},"end":{"line":115,"column":32}}},"branchMap":{"1":{"line":18,"type":"binary-expr","locations":[{"start":{"line":18,"column":18},"end":{"line":18,"column":35}},{"start":{"line":18,"column":39},"end":{"line":18,"column":79}}]},"2":{"line":19,"type":"binary-expr","locations":[{"start":{"line":19,"column":0},"end":{"line":19,"column":26}},{"start":{"line":19,"column":30},"end":{"line":19,"column":54}}]},"3":{"line":21,"type":"binary-expr","locations":[{"start":{"line":21,"column":0},"end":{"line":21,"column":22}},{"start":{"line":21,"column":26},"end":{"line":21,"column":46}}]},"4":{"line":32,"type":"if","locations":[{"start":{"line":32,"column":4},"end":{"line":32,"column":4}},{"start":{"line":32,"column":4},"end":{"line":32,"column":4}}]},"5":{"line":36,"type":"if","locations":[{"start":{"line":36,"column":8},"end":{"line":36,"column":8}},{"start":{"line":36,"column":8},"end":{"line":36,"column":8}}]},"6":{"line":54,"type":"if","locations":[{"start":{"line":54,"column":4},"end":{"line":54,"column":4}},{"start":{"line":54,"column":4},"end":{"line":54,"column":4}}]},"7":{"line":82,"type":"binary-expr","locations":[{"start":{"line":82,"column":8},"end":{"line":82,"column":34}},{"start":{"line":82,"column":38},"end":{"line":82,"column":62}}]},"8":{"line":83,"type":"binary-expr","locations":[{"start":{"line":83,"column":8},"end":{"line":83,"column":39}},{"start":{"line":83,"column":43},"end":{"line":83,"column":72}}]},"9":{"line":104,"type":"if","locations":[{"start":{"line":104,"column":4},"end":{"line":104,"column":4}},{"start":{"line":104,"column":4},"end":{"line":104,"column":4}}]},"10":{"line":107,"type":"if","locations":[{"start":{"line":107,"column":4},"end":{"line":107,"column":4}},{"start":{"line":107,"column":4},"end":{"line":107,"column":4}}]}}}}