TN:
SF:E:\koa\ServiceDemo\myProcess\app.js
FN:21,(anonymous_1)
FN:30,(anonymous_2)
FN:33,(anonymous_3)
FN:46,(anonymous_4)
FNF:4
FNH:4
FNDA:6,(anonymous_1)
FNDA:2,(anonymous_2)
FNDA:3,(anonymous_3)
FNDA:8,(anonymous_4)
DA:1,1
DA:2,1
DA:3,1
DA:4,1
DA:5,1
DA:6,1
DA:7,1
DA:8,1
DA:9,1
DA:10,1
DA:11,1
DA:12,1
DA:14,1
DA:15,1
DA:16,1
DA:17,1
DA:18,1
DA:19,1
DA:21,1
DA:22,6
DA:23,6
DA:24,6
DA:25,6
DA:28,1
DA:29,1
DA:30,1
DA:32,2
DA:33,2
DA:34,3
DA:35,3
DA:36,3
DA:41,1
DA:42,1
DA:43,1
DA:46,1
DA:50,8
DA:53,0
DA:60,0
DA:62,0
DA:66,1
DA:68,1
DA:69,1
DA:70,1
LF:43
LH:40
BRDA:34,1,0,0
BRDA:34,1,1,3
BRDA:50,2,0,8
BRDA:50,2,1,0
BRDA:50,3,0,8
BRDA:50,3,1,6
BRDA:68,4,0,0
BRDA:68,4,1,1
BRF:8
BRH:5
end_of_record
TN:
SF:E:\koa\ServiceDemo\myProcess\middlewares\error.js
FN:6,error
FN:9,error
FNF:2
FNH:2
FNDA:1,error
FNDA:8,error
DA:1,1
DA:3,1
DA:6,1
DA:7,1
DA:9,1
DA:10,8
DA:11,8
DA:13,0
DA:14,0
DA:15,0
DA:17,0
DA:19,0
DA:20,0
DA:21,0
DA:22,0
DA:23,0
DA:25,0
DA:26,0
DA:27,0
DA:30,0
DA:32,0
DA:34,0
DA:36,0
DA:37,0
DA:38,0
DA:40,0
DA:41,0
DA:42,0
LF:28
LH:7
BRDA:7,1,0,1
BRDA:7,1,1,1
BRDA:13,2,0,0
BRDA:13,2,1,0
BRDA:14,3,0,0
BRDA:14,3,1,0
BRDA:17,4,0,0
BRDA:17,4,1,0
BRDA:17,4,2,0
BRDA:20,5,0,0
BRDA:20,5,1,0
BRDA:20,6,0,0
BRDA:20,6,1,0
BRDA:23,7,0,0
BRDA:23,7,1,0
BRDA:25,8,0,0
BRDA:25,8,1,0
BRF:17
BRH:2
end_of_record
TN:
SF:E:\koa\ServiceDemo\myProcess\libs\db.js
FNF:0
FNH:0
DA:1,1
DA:8,1
DA:10,1
DA:11,1
DA:13,1
LF:5
LH:5
BRF:0
BRH:0
end_of_record
TN:
SF:E:\koa\ServiceDemo\myProcess\config.js
FNF:0
FNH:0
DA:1,1
DA:29,1
LF:2
LH:2
BRF:0
BRH:0
end_of_record
TN:
SF:E:\koa\ServiceDemo\myProcess\middlewares\auth.js
FN:59,(anonymous_1)
FNF:1
FNH:1
FNDA:8,(anonymous_1)
DA:1,1
DA:2,1
DA:4,1
DA:5,1
DA:6,1
DA:7,1
DA:59,1
DA:60,8
DA:63,8
DA:64,8
DA:66,8
DA:69,8
DA:71,8
DA:77,8
DA:80,8
DA:81,20
DA:82,8
DA:84,8
DA:85,8
DA:86,0
DA:90,8
LF:21
LH:20
BRDA:69,1,0,0
BRDA:69,1,1,8
BRDA:77,2,0,0
BRDA:77,2,1,8
BRDA:81,3,0,20
BRDA:81,3,1,8
BRDA:82,4,0,0
BRDA:82,4,1,8
BRDA:85,5,0,0
BRDA:85,5,1,8
BRF:10
BRH:6
end_of_record
TN:
SF:E:\koa\ServiceDemo\myProcess\libs\cache-user.js
FN:15,(anonymous_1)
FN:21,(anonymous_2)
FN:26,(anonymous_3)
FN:30,(anonymous_4)
FN:35,(anonymous_5)
FNF:5
FNH:0
FNDA:0,(anonymous_1)
FNDA:0,(anonymous_2)
FNDA:0,(anonymous_3)
FNDA:0,(anonymous_4)
FNDA:0,(anonymous_5)
DA:1,1
DA:8,1
DA:15,1
DA:16,0
DA:21,1
DA:22,0
DA:26,1
DA:27,0
DA:30,1
DA:31,0
DA:35,1
DA:36,0
DA:39,1
LF:13
LH:8
BRF:0
BRH:0
end_of_record
TN:
SF:E:\koa\ServiceDemo\myProcess\libs\error.js
FN:1,(anonymous_1)
FN:2,(anonymous_2)
FNF:2
FNH:1
FNDA:9,(anonymous_1)
FNDA:0,(anonymous_2)
DA:1,1
DA:2,9
DA:3,0
DA:4,0
DA:5,0
DA:6,0
DA:7,0
DA:10,9
DA:18,9
DA:21,1
LF:10
LH:5
BRDA:4,1,0,0
BRDA:4,1,1,0
BRDA:5,2,0,0
BRDA:5,2,1,0
BRDA:6,3,0,0
BRDA:6,3,1,0
BRF:6
BRH:0
end_of_record
TN:
SF:E:\koa\ServiceDemo\myProcess\libs\mongoose-customer-error-msg.js
FNF:0
FNH:0
DA:4,1
DA:5,1
DA:7,1
DA:8,1
DA:9,1
DA:11,1
DA:12,1
DA:13,1
DA:15,1
DA:16,1
DA:17,1
DA:19,1
DA:20,1
DA:21,1
DA:22,1
DA:23,1
DA:24,1
LF:17
LH:17
BRF:0
BRH:0
end_of_record
TN:
SF:E:\koa\ServiceDemo\myProcess\middlewares\upload.js
FN:10,(anonymous_1)
FNF:1
FNH:1
FNDA:8,(anonymous_1)
DA:1,1
DA:2,1
DA:3,1
DA:4,1
DA:5,1
DA:6,1
DA:7,1
DA:8,1
DA:10,1
DA:12,8
DA:14,6
DA:15,6
DA:16,6
DA:20,6
DA:21,6
DA:22,6
DA:24,6
DA:25,6
DA:26,19
DA:27,19
DA:28,19
DA:31,0
DA:35,0
DA:45,0
DA:48,0
DA:49,0
DA:50,0
DA:52,0
DA:53,0
DA:54,0
DA:62,0
DA:65,6
DA:66,6
DA:67,6
LF:34
LH:24
BRDA:7,1,0,1
BRDA:7,1,1,1
BRDA:8,2,0,1
BRDA:8,2,1,0
BRDA:12,3,0,2
BRDA:12,3,1,6
BRDA:26,4,0,19
BRDA:26,4,1,0
BRDA:52,5,0,0
BRDA:52,5,1,0
BRDA:53,6,0,0
BRDA:53,6,1,0
BRF:12
BRH:6
end_of_record
TN:
SF:E:\koa\ServiceDemo\myProcess\models\sys\attachment.js
FNF:0
FNH:0
DA:1,1
DA:5,1
DA:15,1
DA:16,1
LF:4
LH:4
BRF:0
BRH:0
end_of_record
TN:
SF:E:\koa\ServiceDemo\myProcess\controllers\process\Polymer.js
FN:22,(anonymous_1)
FN:44,(anonymous_2)
FN:61,(anonymous_3)
FN:72,(anonymous_4)
FNF:4
FNH:4
FNDA:1,(anonymous_1)
FNDA:1,(anonymous_2)
FNDA:1,(anonymous_3)
FNDA:1,(anonymous_4)
DA:4,1
DA:5,1
DA:6,1
DA:22,1
DA:23,1
DA:34,1
DA:44,1
DA:45,1
DA:46,1
DA:47,6
DA:48,6
DA:49,6
DA:52,1
DA:61,1
DA:62,1
DA:63,1
DA:72,1
DA:73,1
DA:77,1
DA:78,1
DA:79,0
DA:81,1
DA:82,1
DA:84,1
LF:24
LH:23
BRDA:47,1,0,6
BRDA:47,1,1,0
BRDA:47,2,0,6
BRDA:47,2,1,0
BRDA:78,3,0,0
BRDA:78,3,1,1
BRDA:78,4,0,1
BRDA:78,4,1,1
BRF:8
BRH:5
end_of_record
TN:
SF:E:\koa\ServiceDemo\myProcess\libs\Router.js
FN:7,(anonymous_1)
FN:11,(anonymous_2)
FN:20,(anonymous_3)
FN:27,(anonymous_4)
FN:61,(anonymous_5)
FN:116,(anonymous_6)
FN:120,(anonymous_7)
FN:124,(anonymous_8)
FN:135,(anonymous_9)
FNF:9
FNH:8
FNDA:3,(anonymous_1)
FNDA:10,(anonymous_2)
FNDA:8,(anonymous_3)
FNDA:3,(anonymous_4)
FNDA:10,(anonymous_5)
FNDA:7,(anonymous_6)
FNDA:3,(anonymous_7)
FNDA:0,(anonymous_8)
FNDA:3,(anonymous_9)
DA:1,1
DA:7,1
DA:8,3
DA:11,1
DA:12,10
DA:13,10
DA:14,10
DA:15,10
DA:16,10
DA:17,10
DA:20,1
DA:21,8
DA:25,8
DA:27,3
DA:28,3
DA:29,3
DA:30,4
DA:32,4
DA:33,0
DA:36,4
DA:37,0
DA:40,4
DA:41,0
DA:44,4
DA:45,0
DA:48,4
DA:49,0
DA:52,3
DA:55,3
DA:56,3
DA:58,3
DA:61,1
DA:62,10
DA:66,10
DA:67,7
DA:68,7
DA:69,7
DA:70,3
DA:71,3
DA:73,0
DA:74,0
DA:75,0
DA:76,3
DA:78,0
DA:79,0
DA:80,0
DA:83,3
DA:84,3
DA:85,3
DA:87,0
DA:89,0
DA:90,0
DA:91,0
DA:92,0
DA:93,0
DA:95,0
DA:96,0
DA:97,0
DA:100,0
DA:101,0
DA:102,0
DA:106,0
DA:107,0
DA:108,0
DA:109,0
DA:113,10
DA:116,1
DA:117,7
DA:120,1
DA:121,3
DA:124,1
DA:125,0
DA:128,1
DA:135,1
DA:136,3
LF:75
LH:47
BRDA:25,1,0,5
BRDA:25,1,1,3
BRDA:32,2,0,0
BRDA:32,2,1,4
BRDA:32,3,0,4
BRDA:32,3,1,4
BRDA:33,4,0,0
BRDA:33,4,1,0
BRDA:36,5,0,0
BRDA:36,5,1,4
BRDA:36,6,0,4
BRDA:36,6,1,0
BRDA:36,6,2,0
BRDA:37,7,0,0
BRDA:37,7,1,0
BRDA:40,8,0,0
BRDA:40,8,1,4
BRDA:40,9,0,4
BRDA:40,9,1,0
BRDA:40,9,2,0
BRDA:41,10,0,0
BRDA:41,10,1,0
BRDA:44,11,0,0
BRDA:44,11,1,4
BRDA:44,12,0,4
BRDA:44,12,1,0
BRDA:44,12,2,0
BRDA:45,13,0,0
BRDA:45,13,1,0
BRDA:48,14,0,0
BRDA:48,14,1,4
BRDA:48,15,0,4
BRDA:48,15,1,0
BRDA:48,15,2,0
BRDA:49,16,0,0
BRDA:49,16,1,0
BRDA:52,17,0,0
BRDA:52,17,1,3
BRDA:55,18,0,3
BRDA:55,18,1,1
BRDA:56,19,0,3
BRDA:56,19,1,2
BRDA:58,20,0,3
BRDA:58,20,1,0
BRDA:58,21,0,3
BRDA:58,21,1,3
BRDA:66,22,0,7
BRDA:66,22,1,3
BRDA:70,23,0,3
BRDA:70,23,1,0
BRDA:71,24,0,0
BRDA:71,24,1,3
BRDA:71,25,0,3
BRDA:71,25,1,3
BRDA:76,26,0,0
BRDA:76,26,1,3
BRDA:76,27,0,3
BRDA:76,27,1,0
BRDA:87,28,0,0
BRDA:87,28,1,0
BRDA:89,29,0,0
BRDA:89,29,1,0
BRDA:89,30,0,0
BRDA:89,30,1,0
BRDA:89,30,2,0
BRDA:93,31,0,0
BRDA:93,31,1,0
BRDA:93,32,0,0
BRDA:93,32,1,0
BRDA:93,32,2,0
BRF:70
BRH:29
end_of_record
TN:
SF:E:\koa\ServiceDemo\myProcess\models\process\polymer.js
FNF:0
FNH:0
DA:5,1
DA:6,1
DA:7,1
DA:8,1
DA:46,1
DA:47,1
LF:6
LH:6
BRF:0
BRH:0
end_of_record
TN:
SF:E:\koa\ServiceDemo\myProcess\controllers\process\process.js
FN:17,(anonymous_1)
FN:34,(anonymous_2)
FN:59,(anonymous_3)
FN:76,(anonymous_4)
FNF:4
FNH:4
FNDA:1,(anonymous_1)
FNDA:1,(anonymous_2)
FNDA:1,(anonymous_3)
FNDA:1,(anonymous_4)
DA:4,1
DA:5,1
DA:6,1
DA:17,1
DA:18,1
DA:24,1
DA:34,1
DA:35,1
DA:36,1
DA:37,9
DA:38,9
DA:39,9
DA:40,9
DA:41,9
DA:42,9
DA:44,1
DA:59,1
DA:60,1
DA:61,1
DA:76,1
DA:77,1
DA:78,1
DA:84,1
LF:23
LH:23
BRF:0
BRH:0
end_of_record
TN:
SF:E:\koa\ServiceDemo\myProcess\models\process\process.js
FNF:0
FNH:0
DA:4,1
DA:5,1
DA:6,1
DA:7,1
DA:25,1
DA:26,1
LF:6
LH:6
BRF:0
BRH:0
end_of_record
TN:
SF:E:\koa\ServiceDemo\myProcess\controllers\public\attachment.js
FN:31,(anonymous_1)
FN:99,(anonymous_2)
FNF:2
FNH:0
FNDA:0,(anonymous_1)
FNDA:0,(anonymous_2)
DA:5,1
DA:6,1
DA:7,1
DA:8,1
DA:9,1
DA:10,1
DA:11,1
DA:12,1
DA:13,1
DA:14,1
DA:18,1
DA:19,1
DA:20,1
DA:21,1
DA:31,1
DA:32,0
DA:34,0
DA:35,0
DA:36,0
DA:38,0
DA:42,0
DA:43,0
DA:50,0
DA:54,0
DA:56,0
DA:57,0
DA:59,0
DA:61,0
DA:62,0
DA:63,0
DA:74,0
DA:75,0
DA:77,0
DA:78,0
DA:79,0
DA:82,0
DA:83,0
DA:86,0
DA:89,0
DA:99,1
DA:100,0
DA:104,0
DA:106,0
DA:107,0
DA:108,0
DA:109,0
DA:110,0
DA:111,0
DA:112,0
DA:115,1
LF:50
LH:17
BRDA:18,1,0,1
BRDA:18,1,1,1
BRDA:19,2,0,1
BRDA:19,2,1,0
BRDA:21,3,0,1
BRDA:21,3,1,0
BRDA:32,4,0,0
BRDA:32,4,1,0
BRDA:36,5,0,0
BRDA:36,5,1,0
BRDA:54,6,0,0
BRDA:54,6,1,0
BRDA:82,7,0,0
BRDA:82,7,1,0
BRDA:83,8,0,0
BRDA:83,8,1,0
BRDA:104,9,0,0
BRDA:104,9,1,0
BRDA:107,10,0,0
BRDA:107,10,1,0
BRF:20
BRH:4
end_of_record
